<?xml version="1.0" encoding="UTF-8"?>
<!-- Generated by org.testng.reporters.JUnitReportReporter -->
<testsuite hostname="DESKTOP-53EJ0K8" failures="0" tests="3" name="ins.aiite.TestNGConcepts.DependsOnMethodSample" time="0.025" errors="0" timestamp="2023-12-23T10:07:30 IST" skipped="0">
  <testcase classname="ins.aiite.TestNGConcepts.DependsOnMethodSample" name="userName" time="0.023"/>
  <system-out/>
  <testcase classname="ins.aiite.TestNGConcepts.DependsOnMethodSample" name="loginClick" time="0.001"/>
  <system-out/>
  <testcase classname="ins.aiite.TestNGConcepts.DependsOnMethodSample" name="passWord" time="0.001"/>
  <system-out/>
</testsuite> <!-- ins.aiite.TestNGConcepts.DependsOnMethodSample -->
