<?xml version="1.0" encoding="UTF-8"?>
<!-- Generated by org.testng.reporters.JUnitReportReporter -->
<testsuite hostname="DESKTOP-53EJ0K8" failures="0" tests="50" name="ins.aiite.TestNGConcepts.InvoCountSample" time="0.061" errors="0" timestamp="2024-01-04T19:47:52 IST" skipped="0">
  <testcase classname="ins.aiite.TestNGConcepts.InvoCountSample" name="testOne" time="0.002"/>
  <system-out/>
  <testcase classname="ins.aiite.TestNGConcepts.InvoCountSample" name="testOne" time="0.001"/>
  <system-out/>
  <testcase classname="ins.aiite.TestNGConcepts.InvoCountSample" name="testOne" time="0.001"/>
  <system-out/>
  <testcase classname="ins.aiite.TestNGConcepts.InvoCountSample" name="testOne" time="0.001"/>
  <system-out/>
  <testcase classname="ins.aiite.TestNGConcepts.InvoCountSample" name="testOne" time="0.016"/>
  <system-out/>
  <testcase classname="ins.aiite.TestNGConcepts.InvoCountSample" name="testOne" time="0.001"/>
  <system-out/>
  <testcase classname="ins.aiite.TestNGConcepts.InvoCountSample" name="testOne" time="0.001"/>
  <system-out/>
  <testcase classname="ins.aiite.TestNGConcepts.InvoCountSample" name="testOne" time="0.000"/>
  <system-out/>
  <testcase classname="ins.aiite.TestNGConcepts.InvoCountSample" name="testOne" time="0.001"/>
  <system-out/>
  <testcase classname="ins.aiite.TestNGConcepts.InvoCountSample" name="testOne" time="0.002"/>
  <system-out/>
  <testcase classname="ins.aiite.TestNGConcepts.InvoCountSample" name="testOne" time="0.000"/>
  <system-out/>
  <testcase classname="ins.aiite.TestNGConcepts.InvoCountSample" name="testOne" time="0.000"/>
  <system-out/>
  <testcase classname="ins.aiite.TestNGConcepts.InvoCountSample" name="testOne" time="0.000"/>
  <system-out/>
  <testcase classname="ins.aiite.TestNGConcepts.InvoCountSample" name="testOne" time="0.000"/>
  <system-out/>
  <testcase classname="ins.aiite.TestNGConcepts.InvoCountSample" name="testOne" time="0.001"/>
  <system-out/>
  <testcase classname="ins.aiite.TestNGConcepts.InvoCountSample" name="testOne" time="0.001"/>
  <system-out/>
  <testcase classname="ins.aiite.TestNGConcepts.InvoCountSample" name="testOne" time="0.001"/>
  <system-out/>
  <testcase classname="ins.aiite.TestNGConcepts.InvoCountSample" name="testOne" time="0.001"/>
  <system-out/>
  <testcase classname="ins.aiite.TestNGConcepts.InvoCountSample" name="testOne" time="0.001"/>
  <system-out/>
  <testcase classname="ins.aiite.TestNGConcepts.InvoCountSample" name="testOne" time="0.000"/>
  <system-out/>
  <testcase classname="ins.aiite.TestNGConcepts.InvoCountSample" name="testOne" time="0.000"/>
  <system-out/>
  <testcase classname="ins.aiite.TestNGConcepts.InvoCountSample" name="testOne" time="0.002"/>
  <system-out/>
  <testcase classname="ins.aiite.TestNGConcepts.InvoCountSample" name="testOne" time="0.001"/>
  <system-out/>
  <testcase classname="ins.aiite.TestNGConcepts.InvoCountSample" name="testOne" time="0.000"/>
  <system-out/>
  <testcase classname="ins.aiite.TestNGConcepts.InvoCountSample" name="testOne" time="0.001"/>
  <system-out/>
  <testcase classname="ins.aiite.TestNGConcepts.InvoCountSample" name="testOne" time="0.000"/>
  <system-out/>
  <testcase classname="ins.aiite.TestNGConcepts.InvoCountSample" name="testOne" time="0.001"/>
  <system-out/>
  <testcase classname="ins.aiite.TestNGConcepts.InvoCountSample" name="testOne" time="0.002"/>
  <system-out/>
  <testcase classname="ins.aiite.TestNGConcepts.InvoCountSample" name="testOne" time="0.001"/>
  <system-out/>
  <testcase classname="ins.aiite.TestNGConcepts.InvoCountSample" name="testOne" time="0.000"/>
  <system-out/>
  <testcase classname="ins.aiite.TestNGConcepts.InvoCountSample" name="testOne" time="0.002"/>
  <system-out/>
  <testcase classname="ins.aiite.TestNGConcepts.InvoCountSample" name="testOne" time="0.000"/>
  <system-out/>
  <testcase classname="ins.aiite.TestNGConcepts.InvoCountSample" name="testOne" time="0.002"/>
  <system-out/>
  <testcase classname="ins.aiite.TestNGConcepts.InvoCountSample" name="testOne" time="0.002"/>
  <system-out/>
  <testcase classname="ins.aiite.TestNGConcepts.InvoCountSample" name="testOne" time="0.001"/>
  <system-out/>
  <testcase classname="ins.aiite.TestNGConcepts.InvoCountSample" name="testOne" time="0.000"/>
  <system-out/>
  <testcase classname="ins.aiite.TestNGConcepts.InvoCountSample" name="testOne" time="0.000"/>
  <system-out/>
  <testcase classname="ins.aiite.TestNGConcepts.InvoCountSample" name="testOne" time="0.002"/>
  <system-out/>
  <testcase classname="ins.aiite.TestNGConcepts.InvoCountSample" name="testOne" time="0.002"/>
  <system-out/>
  <testcase classname="ins.aiite.TestNGConcepts.InvoCountSample" name="testOne" time="0.000"/>
  <system-out/>
  <testcase classname="ins.aiite.TestNGConcepts.InvoCountSample" name="testOne" time="0.001"/>
  <system-out/>
  <testcase classname="ins.aiite.TestNGConcepts.InvoCountSample" name="testOne" time="0.001"/>
  <system-out/>
  <testcase classname="ins.aiite.TestNGConcepts.InvoCountSample" name="testOne" time="0.001"/>
  <system-out/>
  <testcase classname="ins.aiite.TestNGConcepts.InvoCountSample" name="testOne" time="0.002"/>
  <system-out/>
  <testcase classname="ins.aiite.TestNGConcepts.InvoCountSample" name="testOne" time="0.002"/>
  <system-out/>
  <testcase classname="ins.aiite.TestNGConcepts.InvoCountSample" name="testOne" time="0.001"/>
  <system-out/>
  <testcase classname="ins.aiite.TestNGConcepts.InvoCountSample" name="testOne" time="0.000"/>
  <system-out/>
  <testcase classname="ins.aiite.TestNGConcepts.InvoCountSample" name="testOne" time="0.001"/>
  <system-out/>
  <testcase classname="ins.aiite.TestNGConcepts.InvoCountSample" name="testOne" time="0.001"/>
  <system-out/>
  <testcase classname="ins.aiite.TestNGConcepts.InvoCountSample" name="testOne" time="0.001"/>
  <system-out/>
</testsuite> <!-- ins.aiite.TestNGConcepts.InvoCountSample -->
