<?xml version="1.0" encoding="UTF-8"?>
<!-- Generated by org.testng.reporters.JUnitReportReporter -->
<testsuite hostname="DESKTOP-53EJ0K8" failures="0" tests="2" name="ins.aiite.TestNGConcepts.GroupingSample" time="0.018" errors="0" timestamp="2024-01-06T06:47:31 IST" skipped="0">
  <testcase classname="ins.aiite.TestNGConcepts.GroupingSample" name="testTwo" time="0.017"/>
  <system-out/>
  <testcase classname="ins.aiite.TestNGConcepts.GroupingSample" name="testOne" time="0.001"/>
  <system-out/>
</testsuite> <!-- ins.aiite.TestNGConcepts.GroupingSample -->
